<?xml version="1.0" encoding="UTF-8"?>
<!-- Generated by org.testng.reporters.JUnitReportReporter -->
<testsuite skipped="0" hostname="LAPTOP-855T3PMD" name="Test_anotation.Sample" tests="4" failures="0" timestamp="14 Mar 2021 11:29:23 GMT" time="0.018" errors="0">
  <testcase name="trial" time="0.001" classname="Test_anotation.Sample"/>
  <testcase name="trial" time="0.002" classname="Test_anotation.Sample"/>
  <testcase name="trial1" time="0.014" classname="Test_anotation.Sample"/>
  <testcase name="trial" time="0.001" classname="Test_anotation.Sample"/>
</testsuite> <!-- Test_anotation.Sample -->
