<?xml version="1.0" encoding="UTF-8"?>
<!-- Generated by org.testng.reporters.JUnitReportReporter -->
<testsuite skipped="0" hostname="LAPTOP-855T3PMD" name="Practise.Sample43" tests="1" failures="0" timestamp="19 Feb 2021 01:26:34 GMT" time="0.016" errors="0">
  <testcase name="linkk" time="0.016" classname="Practise.Sample43"/>
</testsuite> <!-- Practise.Sample43 -->
