<?xml version="1.0" encoding="UTF-8"?>
<!-- Generated by org.testng.reporters.JUnitReportReporter -->
<testsuite skipped="0" hostname="LAPTOP-855T3PMD" name="Practise.Sample39" tests="1" failures="0" timestamp="17 Feb 2021 13:15:26 GMT" time="0.009" errors="0">
  <testcase name="guru" time="0.009" classname="Practise.Sample39"/>
</testsuite> <!-- Practise.Sample39 -->
