<?xml version="1.0" encoding="UTF-8"?>
<!-- Generated by org.testng.reporters.JUnitReportReporter -->
<testsuite skipped="0" hostname="LAPTOP-855T3PMD" name="Practise.gettitle" tests="1" failures="0" timestamp="14 Mar 2021 07:48:31 GMT" time="4.507" errors="0">
  <testcase name="titleget" time="4.507" classname="Practise.gettitle"/>
</testsuite> <!-- Practise.gettitle -->
