<?xml version="1.0" encoding="UTF-8"?>
<!-- Generated by org.testng.reporters.JUnitReportReporter -->
<testsuite skipped="0" hostname="LAPTOP-855T3PMD" name="Project1.DropDown" tests="1" failures="0" timestamp="10 Mar 2021 05:53:09 GMT" time="7.721" errors="0">
  <testcase name="drop" time="7.721" classname="Project1.DropDown"/>
</testsuite> <!-- Project1.DropDown -->
