<?xml version="1.0" encoding="UTF-8"?>
<!-- Generated by org.testng.reporters.JUnitReportReporter -->
<testsuite skipped="0" hostname="LAPTOP-855T3PMD" name="Practise.RemoveDuplicateinDD" tests="1" failures="0" timestamp="14 Mar 2021 07:08:58 GMT" time="2.671" errors="0">
  <testcase name="removeduplicate" time="2.671" classname="Practise.RemoveDuplicateinDD"/>
</testsuite> <!-- Practise.RemoveDuplicateinDD -->
