<?xml version="1.0" encoding="UTF-8"?>
<!-- Generated by org.testng.reporters.JUnitReportReporter -->
<testsuite skipped="0" hostname="LAPTOP-855T3PMD" name="DPT.MavenCMD" tests="1" failures="0" timestamp="17 Mar 2021 23:43:42 GMT" time="0.015" errors="0">
  <testcase name="mavenn" time="0.015" classname="DPT.MavenCMD"/>
</testsuite> <!-- DPT.MavenCMD -->
