<?xml version="1.0" encoding="UTF-8"?>
<!-- Generated by org.testng.reporters.JUnitReportReporter -->
<testsuite skipped="0" hostname="LAPTOP-855T3PMD" name="Practise.DROp" tests="1" failures="0" timestamp="14 Mar 2021 06:22:34 GMT" time="6.987" errors="0">
  <testcase name="drop" time="6.987" classname="Practise.DROp"/>
</testsuite> <!-- Practise.DROp -->
