<?xml version="1.0" encoding="UTF-8"?>
<!-- Generated by org.testng.reporters.JUnitReportReporter -->
<testsuite skipped="0" hostname="LAPTOP-855T3PMD" name="Practise.Pass_data_anotation" tests="1" failures="0" timestamp="22 Feb 2021 23:49:41 GMT" time="10.176" errors="0">
  <testcase name="Sample" time="10.176" classname="Practise.Pass_data_anotation"/>
</testsuite> <!-- Practise.Pass_data_anotation -->
