<?xml version="1.0" encoding="UTF-8"?>
<!-- Generated by org.testng.reporters.JUnitReportReporter -->
<testsuite skipped="0" hostname="LAPTOP-855T3PMD" name="Framework.com_flipkart_ts1" tests="1" failures="0" timestamp="10 Mar 2021 18:01:17 GMT" time="11.833" errors="0">
  <testcase name="testscript1" time="11.833" classname="Framework.com_flipkart_ts1"/>
</testsuite> <!-- Framework.com_flipkart_ts1 -->
