<?xml version="1.0" encoding="UTF-8"?>
<!-- Generated by org.testng.reporters.JUnitReportReporter -->
<testsuite skipped="0" hostname="LAPTOP-855T3PMD" name="Practise.JSE" tests="1" failures="0" timestamp="13 Mar 2021 18:27:19 GMT" time="5.011" errors="0">
  <testcase name="annot" time="5.011" classname="Practise.JSE"/>
</testsuite> <!-- Practise.JSE -->
