<?xml version="1.0" encoding="UTF-8"?>
<!-- Generated by org.testng.reporters.JUnitReportReporter -->
<testsuite skipped="0" hostname="LAPTOP-855T3PMD" name="Project1.Sample" tests="1" failures="0" timestamp="10 Mar 2021 05:25:47 GMT" time="14.594" errors="0">
  <testcase name="CountLinks" time="14.594" classname="Project1.Sample"/>
</testsuite> <!-- Project1.Sample -->
