<?xml version="1.0" encoding="UTF-8"?>
<!-- Generated by org.testng.reporters.JUnitReportReporter -->
<testsuite skipped="0" hostname="LAPTOP-855T3PMD" name="DPT.Property_file" tests="1" failures="0" timestamp="22 Feb 2021 09:34:15 GMT" time="0.000" errors="0">
  <testcase name="common" time="0.000" classname="DPT.Property_file"/>
</testsuite> <!-- DPT.Property_file -->
